wagner % pwd
/import/ravel/3/z5128111/COMP9900_Submission
wagner % ls -l
total 3440
-rw-r--r-- 1 z5128111 z5128111 3514526 Oct 20 22:24 project.tgz
wagner % sum project.tgz 
38066  3433
wagner % tar -tf project.tgz 
skillstash/
skillstash/readme.txt
skillstash/prototype/
skillstash/prototype/urls.py
skillstash/prototype/wsgi.py
skillstash/prototype/__init__.py
skillstash/prototype/settings.py
skillstash/manage.py
skillstash/DemoData/
skillstash/DemoData/user_files/
skillstash/DemoData/user_files/12/
skillstash/DemoData/user_files/12/mary.jpeg
skillstash/DemoData/user_files/5/
skillstash/DemoData/user_files/5/fawlty.jpeg
skillstash/DemoData/user_files/3/
skillstash/DemoData/user_files/3/eric_Idle.jpeg
skillstash/DemoData/user_files/9/
skillstash/DemoData/user_files/9/James_Bond.jpg
skillstash/DemoData/user_files/9/my_cv.txt
skillstash/DemoData/user_files/2/
skillstash/DemoData/user_files/2/maxwell-smart.jpeg
skillstash/DemoData/user_files/8/
skillstash/DemoData/user_files/8/nerd.jpg
skillstash/DemoData/user_files/4/
skillstash/DemoData/user_files/4/james-dean.jpg
skillstash/DemoData/user_files/11/
skillstash/DemoData/user_files/11/my_reference.txt
skillstash/DemoData/user_files/11/my_cv.txt
skillstash/DemoData/user_files/11/clown.jpg
skillstash/DemoData/user_files/11/my_transcript.txt
skillstash/DemoData/user_files/7/
skillstash/DemoData/user_files/7/nerd-girl.jpeg
skillstash/DemoData/user_files/1/
skillstash/DemoData/user_files/1/marilyn.jpg
skillstash/DemoData/user_files/1/monroe_cv.txt
skillstash/DemoData/user_files/1/monroe_reference.txt
skillstash/DemoData/user_files/1/monroe_transcript.txt
skillstash/DemoData/user_files/6/
skillstash/DemoData/user_files/6/Ned-Kelly.jpg
skillstash/DemoData/user_files/10/
skillstash/DemoData/user_files/10/evil-clown-mask.jpg
skillstash/DemoData/skillstash.json
skillstash/data/
skillstash/data/skills.csv
skillstash/data/skills.py
skillstash/data/skills.sql
skillstash/apps/
skillstash/apps/backend/
skillstash/apps/backend/urls.py
skillstash/apps/backend/views.py
skillstash/apps/backend/apps.py
skillstash/apps/backend/forms.py
skillstash/apps/backend/serializers.py
skillstash/apps/backend/admin.py
skillstash/apps/backend/__init__.py
skillstash/apps/backend/tests.py
skillstash/apps/backend/adapters.py
skillstash/apps/backend/matcher.py
skillstash/apps/backend/permissions.py
skillstash/apps/backend/models.py
skillstash/apps/frontend/
skillstash/apps/frontend/.gitignore
skillstash/apps/frontend/package-lock.json
skillstash/apps/frontend/.postcssrc.js
skillstash/apps/frontend/.babelrc
skillstash/apps/frontend/config/
skillstash/apps/frontend/config/prod.env.js
skillstash/apps/frontend/config/dev.env.js
skillstash/apps/frontend/config/index.js
skillstash/apps/frontend/.editorconfig
skillstash/apps/frontend/package.json
skillstash/apps/frontend/static/
skillstash/apps/frontend/static/assets/
skillstash/apps/frontend/static/assets/css/
skillstash/apps/frontend/static/assets/css/animate.css
skillstash/apps/frontend/static/assets/css/bootstrap.css
skillstash/apps/frontend/static/assets/css/bootstrap.scss
skillstash/apps/frontend/static/assets/css/style.css
skillstash/apps/frontend/static/assets/css/awesome-bootstrap-checkbox.less
skillstash/apps/frontend/static/assets/css/flag-icon.min.css
skillstash/apps/frontend/static/assets/css/style.css.map
skillstash/apps/frontend/static/assets/css/normalize.css
skillstash/apps/frontend/static/assets/css/cs-skin-elastic.css
skillstash/apps/frontend/static/assets/css/build.css
skillstash/apps/frontend/static/assets/css/awesome-bootstrap-checkbox.css
skillstash/apps/frontend/static/assets/css/lib/
skillstash/apps/frontend/static/assets/css/lib/datatable/
skillstash/apps/frontend/static/assets/css/lib/datatable/buttons.dataTables.min.css
skillstash/apps/frontend/static/assets/css/lib/datatable/buttons.bootstrap.min.css
skillstash/apps/frontend/static/assets/css/lib/datatable/dataTables.bootstrap.min.css
skillstash/apps/frontend/static/assets/css/lib/vector-map/
skillstash/apps/frontend/static/assets/css/lib/vector-map/jqvmap.min.css
skillstash/apps/frontend/static/assets/css/lib/chosen/
skillstash/apps/frontend/static/assets/css/lib/chosen/chosen-sprite@2x.png
skillstash/apps/frontend/static/assets/css/lib/chosen/chosen-sprite.png
skillstash/apps/frontend/static/assets/css/lib/chosen/chosen.min.css
skillstash/apps/frontend/static/assets/css/lib/chosen/chosen.css
skillstash/apps/frontend/static/assets/css/awesome-bootstrap-checkbox.scss
skillstash/apps/frontend/static/assets/css/font-awesome.min.css
skillstash/apps/frontend/static/assets/css/htmleaf-demo.css
skillstash/apps/frontend/static/assets/css/variables.css
skillstash/apps/frontend/static/assets/css/build.less
skillstash/apps/frontend/static/assets/css/build.less.css
skillstash/apps/frontend/static/assets/css/themify-icons.css
skillstash/apps/frontend/static/assets/css/build.scss
skillstash/apps/frontend/static/assets/css/bootstrap-select.css
skillstash/apps/frontend/static/assets/css/bootstrap.min.css
skillstash/apps/frontend/static/assets/css/bootstrap.css.map
skillstash/apps/frontend/static/assets/css/bootstrap.min.css.map
skillstash/apps/frontend/static/assets/fonts/
skillstash/apps/frontend/static/assets/fonts/themify.woff
skillstash/apps/frontend/static/assets/fonts/glyphicons-halflings-regular.ttf
skillstash/apps/frontend/static/assets/fonts/icomoon.eot
skillstash/apps/frontend/static/assets/fonts/glyphicons-halflings-regular.eot
skillstash/apps/frontend/static/assets/fonts/fontawesome-webfont.ttf
skillstash/apps/frontend/static/assets/fonts/themify.eot
skillstash/apps/frontend/static/assets/fonts/themify.ttf
skillstash/apps/frontend/static/assets/fonts/glyphicons-halflings-regular.woff
skillstash/apps/frontend/static/assets/fonts/glyphicons-halflings-regular.woff2
skillstash/apps/frontend/static/assets/fonts/fontawesome-webfont.woff2
skillstash/apps/frontend/static/assets/fonts/fontawesome-webfont.eot
skillstash/apps/frontend/static/assets/fonts/icomoon.svg
skillstash/apps/frontend/static/assets/fonts/codropsicons/
skillstash/apps/frontend/static/assets/fonts/codropsicons/license.txt
skillstash/apps/frontend/static/assets/fonts/codropsicons/codropsicons.ttf
skillstash/apps/frontend/static/assets/fonts/codropsicons/codropsicons.woff
skillstash/apps/frontend/static/assets/fonts/codropsicons/codropsicons.svg
skillstash/apps/frontend/static/assets/fonts/codropsicons/codropsicons.eot
skillstash/apps/frontend/static/assets/fonts/codropsicons/index.html
skillstash/apps/frontend/static/assets/fonts/fontawesome-webfont.woff
skillstash/apps/frontend/static/assets/fonts/icomoon.ttf
skillstash/apps/frontend/static/assets/fonts/icomoon/
skillstash/apps/frontend/static/assets/fonts/icomoon/icomoon.eot
skillstash/apps/frontend/static/assets/fonts/icomoon/icomoon.svg
skillstash/apps/frontend/static/assets/fonts/icomoon/icomoon.ttf
skillstash/apps/frontend/static/assets/fonts/icomoon/icomoon.woff
skillstash/apps/frontend/static/assets/fonts/icomoon/index.html
skillstash/apps/frontend/static/assets/fonts/themify.svg
skillstash/apps/frontend/static/assets/fonts/glyphicons-halflings-regular.svg
skillstash/apps/frontend/static/assets/fonts/icomoon.woff
skillstash/apps/frontend/static/assets/fonts/index.html
skillstash/apps/frontend/static/assets/fonts/fontawesome-webfont.svg
skillstash/apps/frontend/static/assets/fonts/FontAwesome.otf
skillstash/apps/frontend/static/assets/js/
skillstash/apps/frontend/static/assets/js/bootstrap-select.min.js
skillstash/apps/frontend/static/assets/js/less.min.js
skillstash/apps/frontend/static/assets/js/popper.min.js
skillstash/apps/frontend/static/assets/js/lib/
skillstash/apps/frontend/static/assets/js/lib/flot-chart/
skillstash/apps/frontend/static/assets/js/lib/flot-chart/flot-tooltip/
skillstash/apps/frontend/static/assets/js/lib/flot-chart/flot-tooltip/jquery.flot.tooltip.min.js
skillstash/apps/frontend/static/assets/js/lib/flot-chart/jquery.flot.js
skillstash/apps/frontend/static/assets/js/lib/flot-chart/jquery.flot.time.js
skillstash/apps/frontend/static/assets/js/lib/flot-chart/jquery.flot.stack.js
skillstash/apps/frontend/static/assets/js/lib/flot-chart/jquery.flot.categories.js
skillstash/apps/frontend/static/assets/js/lib/flot-chart/jquery.flot.threshold.js
skillstash/apps/frontend/static/assets/js/lib/flot-chart/curvedLines.js
skillstash/apps/frontend/static/assets/js/lib/flot-chart/jquery.flot.crosshair.js
skillstash/apps/frontend/static/assets/js/lib/flot-chart/jquery.flot.resize.js
skillstash/apps/frontend/static/assets/js/lib/flot-chart/jquery.flot.pie.js
skillstash/apps/frontend/static/assets/js/lib/flot-chart/flot-chart-init.js
skillstash/apps/frontend/static/assets/js/lib/flot-chart/excanvas.min.js
skillstash/apps/frontend/static/assets/js/dashboard.js
skillstash/apps/frontend/static/assets/js/widgets.js
skillstash/apps/frontend/static/assets/js/chartjs.min.js
skillstash/apps/frontend/static/assets/js/selectFx.js
skillstash/apps/frontend/static/assets/js/plugins.js
skillstash/apps/frontend/static/assets/js/main.js
skillstash/apps/frontend/static/assets/js/vendor/
skillstash/apps/frontend/static/assets/js/vendor/modernizr-2.8.3.min.js
skillstash/apps/frontend/static/assets/js/vendor/index.html
skillstash/apps/frontend/static/assets/js/index.html
skillstash/apps/frontend/static/assets/scss/
skillstash/apps/frontend/static/assets/scss/_gauge.scss
skillstash/apps/frontend/static/assets/scss/_widgets.scss
skillstash/apps/frontend/static/assets/scss/socials.scss
skillstash/apps/frontend/static/assets/scss/style.css
skillstash/apps/frontend/static/assets/scss/variables.scss
skillstash/apps/frontend/static/assets/scss/socials.css.map
skillstash/apps/frontend/static/assets/scss/bootstrap/
skillstash/apps/frontend/static/assets/scss/bootstrap/_close.scss
skillstash/apps/frontend/static/assets/scss/bootstrap/bootstrap-grid.css.map
skillstash/apps/frontend/static/assets/scss/bootstrap/bootstrap-grid.scss
skillstash/apps/frontend/static/assets/scss/bootstrap/_breadcrumb.scss
skillstash/apps/frontend/static/assets/scss/bootstrap/bootstrap.css
skillstash/apps/frontend/static/assets/scss/bootstrap/_badge.scss
skillstash/apps/frontend/static/assets/scss/bootstrap/_progress.scss
skillstash/apps/frontend/static/assets/scss/bootstrap/_custom-forms.scss
skillstash/apps/frontend/static/assets/scss/bootstrap/_root.scss
skillstash/apps/frontend/static/assets/scss/bootstrap/_jumbotron.scss
skillstash/apps/frontend/static/assets/scss/bootstrap/bootstrap-reboot.css
skillstash/apps/frontend/static/assets/scss/bootstrap/bootstrap.scss
skillstash/apps/frontend/static/assets/scss/bootstrap/_modal.scss
skillstash/apps/frontend/static/assets/scss/bootstrap/_tooltip.scss
skillstash/apps/frontend/static/assets/scss/bootstrap/_buttons.scss
skillstash/apps/frontend/static/assets/scss/bootstrap/bootstrap-reboot.scss
skillstash/apps/frontend/static/assets/scss/bootstrap/_transitions.scss
skillstash/apps/frontend/static/assets/scss/bootstrap/_navbar.scss
skillstash/apps/frontend/static/assets/scss/bootstrap/_nav.scss
skillstash/apps/frontend/static/assets/scss/bootstrap/_media.scss
skillstash/apps/frontend/static/assets/scss/bootstrap/_pagination.scss
skillstash/apps/frontend/static/assets/scss/bootstrap/_popover.scss
skillstash/apps/frontend/static/assets/scss/bootstrap/bootstrap-reboot.css.map
skillstash/apps/frontend/static/assets/scss/bootstrap/_variables.scss
skillstash/apps/frontend/static/assets/scss/bootstrap/_grid.scss
skillstash/apps/frontend/static/assets/scss/bootstrap/_print.scss
skillstash/apps/frontend/static/assets/scss/bootstrap/_input-group.scss
skillstash/apps/frontend/static/assets/scss/bootstrap/_type.scss
skillstash/apps/frontend/static/assets/scss/bootstrap/_reboot.scss
skillstash/apps/frontend/static/assets/scss/bootstrap/_functions.scss
skillstash/apps/frontend/static/assets/scss/bootstrap/_code.scss
skillstash/apps/frontend/static/assets/scss/bootstrap/_forms.scss
skillstash/apps/frontend/static/assets/scss/bootstrap/_tables.scss
skillstash/apps/frontend/static/assets/scss/bootstrap/_mixins.scss
skillstash/apps/frontend/static/assets/scss/bootstrap/mixins/
skillstash/apps/frontend/static/assets/scss/bootstrap/mixins/_navbar-align.scss
skillstash/apps/frontend/static/assets/scss/bootstrap/mixins/_text-truncate.scss
skillstash/apps/frontend/static/assets/scss/bootstrap/mixins/_badge.scss
skillstash/apps/frontend/static/assets/scss/bootstrap/mixins/_background-variant.scss
skillstash/apps/frontend/static/assets/scss/bootstrap/mixins/_screen-reader.scss
skillstash/apps/frontend/static/assets/scss/bootstrap/mixins/_size.scss
skillstash/apps/frontend/static/assets/scss/bootstrap/mixins/_buttons.scss
skillstash/apps/frontend/static/assets/scss/bootstrap/mixins/_reset-text.scss
skillstash/apps/frontend/static/assets/scss/bootstrap/mixins/_gradients.scss
skillstash/apps/frontend/static/assets/scss/bootstrap/mixins/_breakpoints.scss
skillstash/apps/frontend/static/assets/scss/bootstrap/mixins/_clearfix.scss
skillstash/apps/frontend/static/assets/scss/bootstrap/mixins/_text-emphasis.scss
skillstash/apps/frontend/static/assets/scss/bootstrap/mixins/_visibility.scss
skillstash/apps/frontend/static/assets/scss/bootstrap/mixins/_float.scss
skillstash/apps/frontend/static/assets/scss/bootstrap/mixins/_pagination.scss
skillstash/apps/frontend/static/assets/scss/bootstrap/mixins/_transition.scss
skillstash/apps/frontend/static/assets/scss/bootstrap/mixins/_grid.scss
skillstash/apps/frontend/static/assets/scss/bootstrap/mixins/_hover.scss
skillstash/apps/frontend/static/assets/scss/bootstrap/mixins/_image.scss
skillstash/apps/frontend/static/assets/scss/bootstrap/mixins/_lists.scss
skillstash/apps/frontend/static/assets/scss/bootstrap/mixins/_border-radius.scss
skillstash/apps/frontend/static/assets/scss/bootstrap/mixins/_forms.scss
skillstash/apps/frontend/static/assets/scss/bootstrap/mixins/_text-hide.scss
skillstash/apps/frontend/static/assets/scss/bootstrap/mixins/_resize.scss
skillstash/apps/frontend/static/assets/scss/bootstrap/mixins/_caret.scss
skillstash/apps/frontend/static/assets/scss/bootstrap/mixins/_nav-divider.scss
skillstash/apps/frontend/static/assets/scss/bootstrap/mixins/_box-shadow.scss
skillstash/apps/frontend/static/assets/scss/bootstrap/mixins/_table-row.scss
skillstash/apps/frontend/static/assets/scss/bootstrap/mixins/_grid-framework.scss
skillstash/apps/frontend/static/assets/scss/bootstrap/mixins/_list-group.scss
skillstash/apps/frontend/static/assets/scss/bootstrap/mixins/_alert.scss
skillstash/apps/frontend/static/assets/scss/bootstrap/_utilities.scss
skillstash/apps/frontend/static/assets/scss/bootstrap/_images.scss
skillstash/apps/frontend/static/assets/scss/bootstrap/_button-group.scss
skillstash/apps/frontend/static/assets/scss/bootstrap/_card.scss
skillstash/apps/frontend/static/assets/scss/bootstrap/_carousel.scss
skillstash/apps/frontend/static/assets/scss/bootstrap/utilities/
skillstash/apps/frontend/static/assets/scss/bootstrap/utilities/_background.scss
skillstash/apps/frontend/static/assets/scss/bootstrap/utilities/_clearfix.scss
skillstash/apps/frontend/static/assets/scss/bootstrap/utilities/_visibility.scss
skillstash/apps/frontend/static/assets/scss/bootstrap/utilities/_float.scss
skillstash/apps/frontend/static/assets/scss/bootstrap/utilities/_text.scss
skillstash/apps/frontend/static/assets/scss/bootstrap/utilities/_align.scss
skillstash/apps/frontend/static/assets/scss/bootstrap/utilities/_flex.scss
skillstash/apps/frontend/static/assets/scss/bootstrap/utilities/_sizing.scss
skillstash/apps/frontend/static/assets/scss/bootstrap/utilities/_display.scss
skillstash/apps/frontend/static/assets/scss/bootstrap/utilities/_screenreaders.scss
skillstash/apps/frontend/static/assets/scss/bootstrap/utilities/_embed.scss
skillstash/apps/frontend/static/assets/scss/bootstrap/utilities/_position.scss
skillstash/apps/frontend/static/assets/scss/bootstrap/utilities/_spacing.scss
skillstash/apps/frontend/static/assets/scss/bootstrap/utilities/_borders.scss
skillstash/apps/frontend/static/assets/scss/bootstrap/_dropdown.scss
skillstash/apps/frontend/static/assets/scss/bootstrap/_list-group.scss
skillstash/apps/frontend/static/assets/scss/bootstrap/bootstrap.css.map
skillstash/apps/frontend/static/assets/scss/bootstrap/bootstrap-grid.css
skillstash/apps/frontend/static/assets/scss/bootstrap/_alert.scss
skillstash/apps/frontend/static/assets/scss/style.css.map
skillstash/apps/frontend/static/assets/scss/_switches.scss
skillstash/apps/frontend/static/assets/scss/style.scss
skillstash/apps/frontend/static/assets/scss/variables.css
skillstash/apps/frontend/static/assets/scss/widgets.css
skillstash/apps/frontend/static/assets/scss/.sass-cache/
skillstash/apps/frontend/static/assets/scss/.sass-cache/6e69d195df721b3a89b57cbd4813c065acff1449/
skillstash/apps/frontend/static/assets/scss/.sass-cache/6e69d195df721b3a89b57cbd4813c065acff1449/_align.scssc
skillstash/apps/frontend/static/assets/scss/.sass-cache/6e69d195df721b3a89b57cbd4813c065acff1449/_visibility.scssc
skillstash/apps/frontend/static/assets/scss/.sass-cache/6e69d195df721b3a89b57cbd4813c065acff1449/_text.scssc
skillstash/apps/frontend/static/assets/scss/.sass-cache/6e69d195df721b3a89b57cbd4813c065acff1449/_sizing.scssc
skillstash/apps/frontend/static/assets/scss/.sass-cache/6e69d195df721b3a89b57cbd4813c065acff1449/_borders.scssc
skillstash/apps/frontend/static/assets/scss/.sass-cache/6e69d195df721b3a89b57cbd4813c065acff1449/_spacing.scssc
skillstash/apps/frontend/static/assets/scss/.sass-cache/6e69d195df721b3a89b57cbd4813c065acff1449/_background.scssc
skillstash/apps/frontend/static/assets/scss/.sass-cache/6e69d195df721b3a89b57cbd4813c065acff1449/_position.scssc
skillstash/apps/frontend/static/assets/scss/.sass-cache/6e69d195df721b3a89b57cbd4813c065acff1449/_flex.scssc
skillstash/apps/frontend/static/assets/scss/.sass-cache/6e69d195df721b3a89b57cbd4813c065acff1449/_embed.scssc
skillstash/apps/frontend/static/assets/scss/.sass-cache/6e69d195df721b3a89b57cbd4813c065acff1449/_float.scssc
skillstash/apps/frontend/static/assets/scss/.sass-cache/6e69d195df721b3a89b57cbd4813c065acff1449/_display.scssc
skillstash/apps/frontend/static/assets/scss/.sass-cache/6e69d195df721b3a89b57cbd4813c065acff1449/_screenreaders.scssc
skillstash/apps/frontend/static/assets/scss/.sass-cache/6e69d195df721b3a89b57cbd4813c065acff1449/_clearfix.scssc
skillstash/apps/frontend/static/assets/scss/.sass-cache/590089d940a3045eb8c8b24b183c435305a7d5a9/
skillstash/apps/frontend/static/assets/scss/.sass-cache/590089d940a3045eb8c8b24b183c435305a7d5a9/_root.scssc
skillstash/apps/frontend/static/assets/scss/.sass-cache/590089d940a3045eb8c8b24b183c435305a7d5a9/_code.scssc
skillstash/apps/frontend/static/assets/scss/.sass-cache/590089d940a3045eb8c8b24b183c435305a7d5a9/_close.scssc
skillstash/apps/frontend/static/assets/scss/.sass-cache/590089d940a3045eb8c8b24b183c435305a7d5a9/_images.scssc
skillstash/apps/frontend/static/assets/scss/.sass-cache/590089d940a3045eb8c8b24b183c435305a7d5a9/_card.scssc
skillstash/apps/frontend/static/assets/scss/.sass-cache/590089d940a3045eb8c8b24b183c435305a7d5a9/_custom-forms.scssc
skillstash/apps/frontend/static/assets/scss/.sass-cache/590089d940a3045eb8c8b24b183c435305a7d5a9/_button-group.scssc
skillstash/apps/frontend/static/assets/scss/.sass-cache/590089d940a3045eb8c8b24b183c435305a7d5a9/_type.scssc
skillstash/apps/frontend/static/assets/scss/.sass-cache/590089d940a3045eb8c8b24b183c435305a7d5a9/_nav.scssc
skillstash/apps/frontend/static/assets/scss/.sass-cache/590089d940a3045eb8c8b24b183c435305a7d5a9/_input-group.scssc
skillstash/apps/frontend/static/assets/scss/.sass-cache/590089d940a3045eb8c8b24b183c435305a7d5a9/_carousel.scssc
skillstash/apps/frontend/static/assets/scss/.sass-cache/590089d940a3045eb8c8b24b183c435305a7d5a9/_print.scssc
skillstash/apps/frontend/static/assets/scss/.sass-cache/590089d940a3045eb8c8b24b183c435305a7d5a9/_tooltip.scssc
skillstash/apps/frontend/static/assets/scss/.sass-cache/590089d940a3045eb8c8b24b183c435305a7d5a9/_popover.scssc
skillstash/apps/frontend/static/assets/scss/.sass-cache/590089d940a3045eb8c8b24b183c435305a7d5a9/_functions.scssc
skillstash/apps/frontend/static/assets/scss/.sass-cache/590089d940a3045eb8c8b24b183c435305a7d5a9/_grid.scssc
skillstash/apps/frontend/static/assets/scss/.sass-cache/590089d940a3045eb8c8b24b183c435305a7d5a9/_mixins.scssc
skillstash/apps/frontend/static/assets/scss/.sass-cache/590089d940a3045eb8c8b24b183c435305a7d5a9/_dropdown.scssc
skillstash/apps/frontend/static/assets/scss/.sass-cache/590089d940a3045eb8c8b24b183c435305a7d5a9/_breadcrumb.scssc
skillstash/apps/frontend/static/assets/scss/.sass-cache/590089d940a3045eb8c8b24b183c435305a7d5a9/_forms.scssc
skillstash/apps/frontend/static/assets/scss/.sass-cache/590089d940a3045eb8c8b24b183c435305a7d5a9/_jumbotron.scssc
skillstash/apps/frontend/static/assets/scss/.sass-cache/590089d940a3045eb8c8b24b183c435305a7d5a9/_pagination.scssc
skillstash/apps/frontend/static/assets/scss/.sass-cache/590089d940a3045eb8c8b24b183c435305a7d5a9/_list-group.scssc
skillstash/apps/frontend/static/assets/scss/.sass-cache/590089d940a3045eb8c8b24b183c435305a7d5a9/_utilities.scssc
skillstash/apps/frontend/static/assets/scss/.sass-cache/590089d940a3045eb8c8b24b183c435305a7d5a9/_reboot.scssc
skillstash/apps/frontend/static/assets/scss/.sass-cache/590089d940a3045eb8c8b24b183c435305a7d5a9/_transitions.scssc
skillstash/apps/frontend/static/assets/scss/.sass-cache/590089d940a3045eb8c8b24b183c435305a7d5a9/_buttons.scssc
skillstash/apps/frontend/static/assets/scss/.sass-cache/590089d940a3045eb8c8b24b183c435305a7d5a9/_media.scssc
skillstash/apps/frontend/static/assets/scss/.sass-cache/590089d940a3045eb8c8b24b183c435305a7d5a9/_modal.scssc
skillstash/apps/frontend/static/assets/scss/.sass-cache/590089d940a3045eb8c8b24b183c435305a7d5a9/_variables.scssc
skillstash/apps/frontend/static/assets/scss/.sass-cache/590089d940a3045eb8c8b24b183c435305a7d5a9/_navbar.scssc
skillstash/apps/frontend/static/assets/scss/.sass-cache/590089d940a3045eb8c8b24b183c435305a7d5a9/_tables.scssc
skillstash/apps/frontend/static/assets/scss/.sass-cache/590089d940a3045eb8c8b24b183c435305a7d5a9/_alert.scssc
skillstash/apps/frontend/static/assets/scss/.sass-cache/590089d940a3045eb8c8b24b183c435305a7d5a9/_badge.scssc
skillstash/apps/frontend/static/assets/scss/.sass-cache/590089d940a3045eb8c8b24b183c435305a7d5a9/_progress.scssc
skillstash/apps/frontend/static/assets/scss/.sass-cache/590089d940a3045eb8c8b24b183c435305a7d5a9/bootstrap.scssc
skillstash/apps/frontend/static/assets/scss/.sass-cache/c64c3075ab570bf2e2c270d1fb05ff7e3db68931/
skillstash/apps/frontend/static/assets/scss/.sass-cache/c64c3075ab570bf2e2c270d1fb05ff7e3db68931/_lists.scssc
skillstash/apps/frontend/static/assets/scss/.sass-cache/c64c3075ab570bf2e2c270d1fb05ff7e3db68931/_border-radius.scssc
skillstash/apps/frontend/static/assets/scss/.sass-cache/c64c3075ab570bf2e2c270d1fb05ff7e3db68931/_text-truncate.scssc
skillstash/apps/frontend/static/assets/scss/.sass-cache/c64c3075ab570bf2e2c270d1fb05ff7e3db68931/_grid-framework.scssc
skillstash/apps/frontend/static/assets/scss/.sass-cache/c64c3075ab570bf2e2c270d1fb05ff7e3db68931/_visibility.scssc
skillstash/apps/frontend/static/assets/scss/.sass-cache/c64c3075ab570bf2e2c270d1fb05ff7e3db68931/_image.scssc
skillstash/apps/frontend/static/assets/scss/.sass-cache/c64c3075ab570bf2e2c270d1fb05ff7e3db68931/_text-emphasis.scssc
skillstash/apps/frontend/static/assets/scss/.sass-cache/c64c3075ab570bf2e2c270d1fb05ff7e3db68931/_grid.scssc
skillstash/apps/frontend/static/assets/scss/.sass-cache/c64c3075ab570bf2e2c270d1fb05ff7e3db68931/_background-variant.scssc
skillstash/apps/frontend/static/assets/scss/.sass-cache/c64c3075ab570bf2e2c270d1fb05ff7e3db68931/_breakpoints.scssc
skillstash/apps/frontend/static/assets/scss/.sass-cache/c64c3075ab570bf2e2c270d1fb05ff7e3db68931/_box-shadow.scssc
skillstash/apps/frontend/static/assets/scss/.sass-cache/c64c3075ab570bf2e2c270d1fb05ff7e3db68931/_table-row.scssc
skillstash/apps/frontend/static/assets/scss/.sass-cache/c64c3075ab570bf2e2c270d1fb05ff7e3db68931/_forms.scssc
skillstash/apps/frontend/static/assets/scss/.sass-cache/c64c3075ab570bf2e2c270d1fb05ff7e3db68931/_pagination.scssc
skillstash/apps/frontend/static/assets/scss/.sass-cache/c64c3075ab570bf2e2c270d1fb05ff7e3db68931/_caret.scssc
skillstash/apps/frontend/static/assets/scss/.sass-cache/c64c3075ab570bf2e2c270d1fb05ff7e3db68931/_list-group.scssc
skillstash/apps/frontend/static/assets/scss/.sass-cache/c64c3075ab570bf2e2c270d1fb05ff7e3db68931/_gradients.scssc
skillstash/apps/frontend/static/assets/scss/.sass-cache/c64c3075ab570bf2e2c270d1fb05ff7e3db68931/_screen-reader.scssc
skillstash/apps/frontend/static/assets/scss/.sass-cache/c64c3075ab570bf2e2c270d1fb05ff7e3db68931/_float.scssc
skillstash/apps/frontend/static/assets/scss/.sass-cache/c64c3075ab570bf2e2c270d1fb05ff7e3db68931/_buttons.scssc
skillstash/apps/frontend/static/assets/scss/.sass-cache/c64c3075ab570bf2e2c270d1fb05ff7e3db68931/_transition.scssc
skillstash/apps/frontend/static/assets/scss/.sass-cache/c64c3075ab570bf2e2c270d1fb05ff7e3db68931/_resize.scssc
skillstash/apps/frontend/static/assets/scss/.sass-cache/c64c3075ab570bf2e2c270d1fb05ff7e3db68931/_text-hide.scssc
skillstash/apps/frontend/static/assets/scss/.sass-cache/c64c3075ab570bf2e2c270d1fb05ff7e3db68931/_alert.scssc
skillstash/apps/frontend/static/assets/scss/.sass-cache/c64c3075ab570bf2e2c270d1fb05ff7e3db68931/_badge.scssc
skillstash/apps/frontend/static/assets/scss/.sass-cache/c64c3075ab570bf2e2c270d1fb05ff7e3db68931/_nav-divider.scssc
skillstash/apps/frontend/static/assets/scss/.sass-cache/c64c3075ab570bf2e2c270d1fb05ff7e3db68931/_reset-text.scssc
skillstash/apps/frontend/static/assets/scss/.sass-cache/c64c3075ab570bf2e2c270d1fb05ff7e3db68931/_hover.scssc
skillstash/apps/frontend/static/assets/scss/.sass-cache/c64c3075ab570bf2e2c270d1fb05ff7e3db68931/_clearfix.scssc
skillstash/apps/frontend/static/assets/scss/.sass-cache/c64c3075ab570bf2e2c270d1fb05ff7e3db68931/_size.scssc
skillstash/apps/frontend/static/assets/scss/.sass-cache/d192277f41c6848ff7411af310ee7b2a42ab6d76/
skillstash/apps/frontend/static/assets/scss/.sass-cache/d192277f41c6848ff7411af310ee7b2a42ab6d76/_align.scssc
skillstash/apps/frontend/static/assets/scss/.sass-cache/d192277f41c6848ff7411af310ee7b2a42ab6d76/_visibility.scssc
skillstash/apps/frontend/static/assets/scss/.sass-cache/d192277f41c6848ff7411af310ee7b2a42ab6d76/_text.scssc
skillstash/apps/frontend/static/assets/scss/.sass-cache/d192277f41c6848ff7411af310ee7b2a42ab6d76/_sizing.scssc
skillstash/apps/frontend/static/assets/scss/.sass-cache/d192277f41c6848ff7411af310ee7b2a42ab6d76/_borders.scssc
skillstash/apps/frontend/static/assets/scss/.sass-cache/d192277f41c6848ff7411af310ee7b2a42ab6d76/_spacing.scssc
skillstash/apps/frontend/static/assets/scss/.sass-cache/d192277f41c6848ff7411af310ee7b2a42ab6d76/_background.scssc
skillstash/apps/frontend/static/assets/scss/.sass-cache/d192277f41c6848ff7411af310ee7b2a42ab6d76/_position.scssc
skillstash/apps/frontend/static/assets/scss/.sass-cache/d192277f41c6848ff7411af310ee7b2a42ab6d76/_flex.scssc
skillstash/apps/frontend/static/assets/scss/.sass-cache/d192277f41c6848ff7411af310ee7b2a42ab6d76/_embed.scssc
skillstash/apps/frontend/static/assets/scss/.sass-cache/d192277f41c6848ff7411af310ee7b2a42ab6d76/_float.scssc
skillstash/apps/frontend/static/assets/scss/.sass-cache/d192277f41c6848ff7411af310ee7b2a42ab6d76/_display.scssc
skillstash/apps/frontend/static/assets/scss/.sass-cache/d192277f41c6848ff7411af310ee7b2a42ab6d76/_screenreaders.scssc
skillstash/apps/frontend/static/assets/scss/.sass-cache/d192277f41c6848ff7411af310ee7b2a42ab6d76/_clearfix.scssc
skillstash/apps/frontend/static/assets/scss/.sass-cache/6da42945727bdadaec570db1596987e0a46bfa4d/
skillstash/apps/frontend/static/assets/scss/.sass-cache/6da42945727bdadaec570db1596987e0a46bfa4d/_gauge.scssc
skillstash/apps/frontend/static/assets/scss/.sass-cache/6da42945727bdadaec570db1596987e0a46bfa4d/variables.scssc
skillstash/apps/frontend/static/assets/scss/.sass-cache/6da42945727bdadaec570db1596987e0a46bfa4d/socials.scssc
skillstash/apps/frontend/static/assets/scss/.sass-cache/6da42945727bdadaec570db1596987e0a46bfa4d/style.scssc
skillstash/apps/frontend/static/assets/scss/.sass-cache/6da42945727bdadaec570db1596987e0a46bfa4d/_widgets.scssc
skillstash/apps/frontend/static/assets/scss/.sass-cache/6da42945727bdadaec570db1596987e0a46bfa4d/_switches.scssc
skillstash/apps/frontend/static/assets/scss/.sass-cache/1ea663541d8aa72314e8caea4edf18e46ea3ed2e/
skillstash/apps/frontend/static/assets/scss/.sass-cache/1ea663541d8aa72314e8caea4edf18e46ea3ed2e/_lists.scssc
skillstash/apps/frontend/static/assets/scss/.sass-cache/1ea663541d8aa72314e8caea4edf18e46ea3ed2e/_border-radius.scssc
skillstash/apps/frontend/static/assets/scss/.sass-cache/1ea663541d8aa72314e8caea4edf18e46ea3ed2e/_text-truncate.scssc
skillstash/apps/frontend/static/assets/scss/.sass-cache/1ea663541d8aa72314e8caea4edf18e46ea3ed2e/_grid-framework.scssc
skillstash/apps/frontend/static/assets/scss/.sass-cache/1ea663541d8aa72314e8caea4edf18e46ea3ed2e/_visibility.scssc
skillstash/apps/frontend/static/assets/scss/.sass-cache/1ea663541d8aa72314e8caea4edf18e46ea3ed2e/_image.scssc
skillstash/apps/frontend/static/assets/scss/.sass-cache/1ea663541d8aa72314e8caea4edf18e46ea3ed2e/_text-emphasis.scssc
skillstash/apps/frontend/static/assets/scss/.sass-cache/1ea663541d8aa72314e8caea4edf18e46ea3ed2e/_grid.scssc
skillstash/apps/frontend/static/assets/scss/.sass-cache/1ea663541d8aa72314e8caea4edf18e46ea3ed2e/_background-variant.scssc
skillstash/apps/frontend/static/assets/scss/.sass-cache/1ea663541d8aa72314e8caea4edf18e46ea3ed2e/_breakpoints.scssc
skillstash/apps/frontend/static/assets/scss/.sass-cache/1ea663541d8aa72314e8caea4edf18e46ea3ed2e/_box-shadow.scssc
skillstash/apps/frontend/static/assets/scss/.sass-cache/1ea663541d8aa72314e8caea4edf18e46ea3ed2e/_table-row.scssc
skillstash/apps/frontend/static/assets/scss/.sass-cache/1ea663541d8aa72314e8caea4edf18e46ea3ed2e/_forms.scssc
skillstash/apps/frontend/static/assets/scss/.sass-cache/1ea663541d8aa72314e8caea4edf18e46ea3ed2e/_pagination.scssc
skillstash/apps/frontend/static/assets/scss/.sass-cache/1ea663541d8aa72314e8caea4edf18e46ea3ed2e/_caret.scssc
skillstash/apps/frontend/static/assets/scss/.sass-cache/1ea663541d8aa72314e8caea4edf18e46ea3ed2e/_list-group.scssc
skillstash/apps/frontend/static/assets/scss/.sass-cache/1ea663541d8aa72314e8caea4edf18e46ea3ed2e/_gradients.scssc
skillstash/apps/frontend/static/assets/scss/.sass-cache/1ea663541d8aa72314e8caea4edf18e46ea3ed2e/_screen-reader.scssc
skillstash/apps/frontend/static/assets/scss/.sass-cache/1ea663541d8aa72314e8caea4edf18e46ea3ed2e/_float.scssc
skillstash/apps/frontend/static/assets/scss/.sass-cache/1ea663541d8aa72314e8caea4edf18e46ea3ed2e/_buttons.scssc
skillstash/apps/frontend/static/assets/scss/.sass-cache/1ea663541d8aa72314e8caea4edf18e46ea3ed2e/_transition.scssc
skillstash/apps/frontend/static/assets/scss/.sass-cache/1ea663541d8aa72314e8caea4edf18e46ea3ed2e/_resize.scssc
skillstash/apps/frontend/static/assets/scss/.sass-cache/1ea663541d8aa72314e8caea4edf18e46ea3ed2e/_text-hide.scssc
skillstash/apps/frontend/static/assets/scss/.sass-cache/1ea663541d8aa72314e8caea4edf18e46ea3ed2e/_alert.scssc
skillstash/apps/frontend/static/assets/scss/.sass-cache/1ea663541d8aa72314e8caea4edf18e46ea3ed2e/_badge.scssc
skillstash/apps/frontend/static/assets/scss/.sass-cache/1ea663541d8aa72314e8caea4edf18e46ea3ed2e/_nav-divider.scssc
skillstash/apps/frontend/static/assets/scss/.sass-cache/1ea663541d8aa72314e8caea4edf18e46ea3ed2e/_reset-text.scssc
skillstash/apps/frontend/static/assets/scss/.sass-cache/1ea663541d8aa72314e8caea4edf18e46ea3ed2e/_hover.scssc
skillstash/apps/frontend/static/assets/scss/.sass-cache/1ea663541d8aa72314e8caea4edf18e46ea3ed2e/_clearfix.scssc
skillstash/apps/frontend/static/assets/scss/.sass-cache/1ea663541d8aa72314e8caea4edf18e46ea3ed2e/_size.scssc
skillstash/apps/frontend/static/assets/scss/.sass-cache/62cfef4a3fbfab02df9a4ee49a4d404e06273937/
skillstash/apps/frontend/static/assets/scss/.sass-cache/62cfef4a3fbfab02df9a4ee49a4d404e06273937/_root.scssc
skillstash/apps/frontend/static/assets/scss/.sass-cache/62cfef4a3fbfab02df9a4ee49a4d404e06273937/_code.scssc
skillstash/apps/frontend/static/assets/scss/.sass-cache/62cfef4a3fbfab02df9a4ee49a4d404e06273937/_close.scssc
skillstash/apps/frontend/static/assets/scss/.sass-cache/62cfef4a3fbfab02df9a4ee49a4d404e06273937/_images.scssc
skillstash/apps/frontend/static/assets/scss/.sass-cache/62cfef4a3fbfab02df9a4ee49a4d404e06273937/_card.scssc
skillstash/apps/frontend/static/assets/scss/.sass-cache/62cfef4a3fbfab02df9a4ee49a4d404e06273937/_custom-forms.scssc
skillstash/apps/frontend/static/assets/scss/.sass-cache/62cfef4a3fbfab02df9a4ee49a4d404e06273937/_button-group.scssc
skillstash/apps/frontend/static/assets/scss/.sass-cache/62cfef4a3fbfab02df9a4ee49a4d404e06273937/_type.scssc
skillstash/apps/frontend/static/assets/scss/.sass-cache/62cfef4a3fbfab02df9a4ee49a4d404e06273937/_nav.scssc
skillstash/apps/frontend/static/assets/scss/.sass-cache/62cfef4a3fbfab02df9a4ee49a4d404e06273937/_input-group.scssc
skillstash/apps/frontend/static/assets/scss/.sass-cache/62cfef4a3fbfab02df9a4ee49a4d404e06273937/_carousel.scssc
skillstash/apps/frontend/static/assets/scss/.sass-cache/62cfef4a3fbfab02df9a4ee49a4d404e06273937/_print.scssc
skillstash/apps/frontend/static/assets/scss/.sass-cache/62cfef4a3fbfab02df9a4ee49a4d404e06273937/_tooltip.scssc
skillstash/apps/frontend/static/assets/scss/.sass-cache/62cfef4a3fbfab02df9a4ee49a4d404e06273937/_popover.scssc
skillstash/apps/frontend/static/assets/scss/.sass-cache/62cfef4a3fbfab02df9a4ee49a4d404e06273937/_functions.scssc
skillstash/apps/frontend/static/assets/scss/.sass-cache/62cfef4a3fbfab02df9a4ee49a4d404e06273937/_grid.scssc
skillstash/apps/frontend/static/assets/scss/.sass-cache/62cfef4a3fbfab02df9a4ee49a4d404e06273937/_mixins.scssc
skillstash/apps/frontend/static/assets/scss/.sass-cache/62cfef4a3fbfab02df9a4ee49a4d404e06273937/_dropdown.scssc
skillstash/apps/frontend/static/assets/scss/.sass-cache/62cfef4a3fbfab02df9a4ee49a4d404e06273937/_breadcrumb.scssc
skillstash/apps/frontend/static/assets/scss/.sass-cache/62cfef4a3fbfab02df9a4ee49a4d404e06273937/_forms.scssc
skillstash/apps/frontend/static/assets/scss/.sass-cache/62cfef4a3fbfab02df9a4ee49a4d404e06273937/_jumbotron.scssc
skillstash/apps/frontend/static/assets/scss/.sass-cache/62cfef4a3fbfab02df9a4ee49a4d404e06273937/_pagination.scssc
skillstash/apps/frontend/static/assets/scss/.sass-cache/62cfef4a3fbfab02df9a4ee49a4d404e06273937/_list-group.scssc
skillstash/apps/frontend/static/assets/scss/.sass-cache/62cfef4a3fbfab02df9a4ee49a4d404e06273937/_utilities.scssc
skillstash/apps/frontend/static/assets/scss/.sass-cache/62cfef4a3fbfab02df9a4ee49a4d404e06273937/_reboot.scssc
skillstash/apps/frontend/static/assets/scss/.sass-cache/62cfef4a3fbfab02df9a4ee49a4d404e06273937/_transitions.scssc
skillstash/apps/frontend/static/assets/scss/.sass-cache/62cfef4a3fbfab02df9a4ee49a4d404e06273937/_buttons.scssc
skillstash/apps/frontend/static/assets/scss/.sass-cache/62cfef4a3fbfab02df9a4ee49a4d404e06273937/_media.scssc
skillstash/apps/frontend/static/assets/scss/.sass-cache/62cfef4a3fbfab02df9a4ee49a4d404e06273937/_modal.scssc
skillstash/apps/frontend/static/assets/scss/.sass-cache/62cfef4a3fbfab02df9a4ee49a4d404e06273937/_variables.scssc
skillstash/apps/frontend/static/assets/scss/.sass-cache/62cfef4a3fbfab02df9a4ee49a4d404e06273937/_navbar.scssc
skillstash/apps/frontend/static/assets/scss/.sass-cache/62cfef4a3fbfab02df9a4ee49a4d404e06273937/_tables.scssc
skillstash/apps/frontend/static/assets/scss/.sass-cache/62cfef4a3fbfab02df9a4ee49a4d404e06273937/_alert.scssc
skillstash/apps/frontend/static/assets/scss/.sass-cache/62cfef4a3fbfab02df9a4ee49a4d404e06273937/_badge.scssc
skillstash/apps/frontend/static/assets/scss/.sass-cache/62cfef4a3fbfab02df9a4ee49a4d404e06273937/_progress.scssc
skillstash/apps/frontend/static/assets/scss/.sass-cache/62cfef4a3fbfab02df9a4ee49a4d404e06273937/bootstrap.scssc
skillstash/apps/frontend/static/assets/scss/.sass-cache/0c2f4e7e3ce607a0f7f238a71122520ed74aaa15/
skillstash/apps/frontend/static/assets/scss/.sass-cache/0c2f4e7e3ce607a0f7f238a71122520ed74aaa15/_gauge.scssc
skillstash/apps/frontend/static/assets/scss/.sass-cache/0c2f4e7e3ce607a0f7f238a71122520ed74aaa15/variables.scssc
skillstash/apps/frontend/static/assets/scss/.sass-cache/0c2f4e7e3ce607a0f7f238a71122520ed74aaa15/style.scssc
skillstash/apps/frontend/static/assets/scss/.sass-cache/0c2f4e7e3ce607a0f7f238a71122520ed74aaa15/_widgets.scssc
skillstash/apps/frontend/static/assets/scss/.sass-cache/0c2f4e7e3ce607a0f7f238a71122520ed74aaa15/_switches.scssc
skillstash/apps/frontend/static/assets/scss/socials.css
skillstash/apps/frontend/static/.gitkeep
skillstash/apps/frontend/build/
skillstash/apps/frontend/build/build.js
skillstash/apps/frontend/build/webpack.base.conf.js
skillstash/apps/frontend/build/vue-loader.conf.js
skillstash/apps/frontend/build/webpack.dev.conf.js
skillstash/apps/frontend/build/logo.png
skillstash/apps/frontend/build/check-versions.js
skillstash/apps/frontend/build/utils.js
skillstash/apps/frontend/build/webpack.prod.conf.js
skillstash/apps/frontend/src/
skillstash/apps/frontend/src/assets/
skillstash/apps/frontend/src/assets/css/
skillstash/apps/frontend/src/assets/css/skillstash.css
skillstash/apps/frontend/src/assets/js/
skillstash/apps/frontend/src/assets/js/skillstash.js
skillstash/apps/frontend/src/assets/logo.png
skillstash/apps/frontend/src/assets/images/
skillstash/apps/frontend/src/assets/images/default.png
skillstash/apps/frontend/src/assets/images/theme_logo_box.png
skillstash/apps/frontend/src/assets/images/theme_logo_text.png
skillstash/apps/frontend/src/router/
skillstash/apps/frontend/src/router/index.js
skillstash/apps/frontend/src/components/
skillstash/apps/frontend/src/components/CandidateProfile.vue
skillstash/apps/frontend/src/components/PasswordForm.vue
skillstash/apps/frontend/src/components/MainPage.vue
skillstash/apps/frontend/src/components/Registration.vue
skillstash/apps/frontend/src/components/RecruiterProfile.vue
skillstash/apps/frontend/src/components/CandidateCard.vue
skillstash/apps/frontend/src/components/Login.vue
skillstash/apps/frontend/src/components/CandidateDetails.vue
skillstash/apps/frontend/src/components/JobCard.vue
skillstash/apps/frontend/src/components/EmployerProfile.vue
skillstash/apps/frontend/src/components/ProfileAvatar.vue
skillstash/apps/frontend/src/components/TreeNode.vue
skillstash/apps/frontend/src/components/JobDetails.vue
skillstash/apps/frontend/src/vuex/
skillstash/apps/frontend/src/vuex/store.js
skillstash/apps/frontend/src/main.js
skillstash/apps/frontend/src/App.vue
skillstash/apps/frontend/README.md
skillstash/apps/frontend/index.html
skillstash/dump.sh
skillstash/setup_demo.sh
skillstash/requirements.txt
wagner % give cs9900 Project project.tgz 
Session: 18s2
name: Warning: print field Project not defined in SMS database
Student declaration
-------------------
* This assignment is my own work, except where permitted by
  the originality rules for this course and this assignment.
* This assignment has not been submitted for academic credit
  elsewhere.
* I have read and understood the University Rules in respect
  of Student Academic Misconduct.

Type "yes" to confirm that you agree to the declaration above: yes
yes


Current day and time:	Sat Oct 20 22:46:44 2018
Assignment deadline:	Sun Oct 21 23:59:59 2018
A submission now would be 1 day and 1 hour early

Type "yes" to continue with the submission: yes
yes
Continuing with the submission...


Submission: Project
------------------------------
Files found: project.tgz
------------------------------


Submission datestamp:	Sat Oct 20 22:46:48 2018
Assignment deadline:	Sun Oct 21 23:59:59 2018
This submission is 1 day and 1 hour early
Submission accepted. Awesome!
wagner % sum project.tgz 
38066  3433
